[2025-09-18 12:15:38 +0800] [1165240] [INFO] Starting gunicorn 21.2.0
[2025-09-18 12:15:38 +0800] [1165240] [INFO] Listening at: http://0.0.0.0:8000 (1165240)
[2025-09-18 12:15:38 +0800] [1165240] [INFO] Using worker: sync
[2025-09-18 12:15:38 +0800] [1165245] [INFO] Booting worker with pid: 1165245
WARNING 2025-09-18 12:16:07,253 log 1165245 139821870766976 Not Found: /@vite/client
[2025-09-18 12:18:20 +0800] [1165240] [INFO] Handling signal: term
[2025-09-18 12:18:20 +0800] [1165245] [INFO] Worker exiting (pid: 1165245)
[2025-09-18 12:18:20 +0800] [1165240] [INFO] Shutting down: Master
[2025-09-18 12:18:22 +0800] [1169581] [INFO] Starting gunicorn 21.2.0
[2025-09-18 12:18:22 +0800] [1169581] [INFO] Listening at: http://0.0.0.0:8000 (1169581)
[2025-09-18 12:18:22 +0800] [1169581] [INFO] Using worker: sync
[2025-09-18 12:18:22 +0800] [1169590] [INFO] Booting worker with pid: 1169590
WARNING 2025-09-18 12:18:26,362 views 1169590 140595757738880 未登录用户尝试访问媒体文件: invoice_files/20250908/dzfp_25112000000187969004_北京颂雅管理顾问有限公司_20250905092224.pdf
WARNING 2025-09-18 12:18:26,370 log 1169590 140595757738880 Not Found: /media/invoice_files/20250908/dzfp_25112000000187969004_北京颂雅管理顾问有限公司_20250905092224.pdf
WARNING 2025-09-18 12:18:31,764 views 1169590 140595757738880 未登录用户尝试访问媒体文件: invoice_files/20250908/dzfp_25112000000187969004_北京颂雅管理顾问有限公司_20250905092224.pdf
WARNING 2025-09-18 12:18:31,767 log 1169590 140595757738880 Not Found: /media/invoice_files/20250908/dzfp_25112000000187969004_北京颂雅管理顾问有限公司_20250905092224.pdf
WARNING 2025-09-18 12:18:52,894 views 1169590 140595757738880 未登录用户尝试访问媒体文件: invoice_files/20250908/dzfp_25112000000187969004_北京颂雅管理顾问有限公司_20250905092224.pdf
WARNING 2025-09-18 12:18:52,897 log 1169590 140595757738880 Not Found: /media/invoice_files/20250908/dzfp_25112000000187969004_北京颂雅管理顾问有限公司_20250905092224.pdf
WARNING 2025-09-18 12:19:00,688 log 1169590 140595757738880 Not Found: /@vite/client
[2025-09-18 12:20:58 +0800] [1169581] [INFO] Handling signal: term
[2025-09-18 12:20:58 +0800] [1169590] [INFO] Worker exiting (pid: 1169590)
[2025-09-18 12:20:59 +0800] [1169581] [INFO] Shutting down: Master
